Using pre-set license
Built from '2020.3/staging' branch; Version is '2020.3.18f1 (a7d1c678663c) revision 10998214'; Using compiler version '192528614'; Build Type 'Release'
OS: 'Windows 10 Home; OS build 19042.1237; Version 2009; 64bit' Language: 'en' Physical Memory: 49111 MB
BatchMode: 1, IsHumanControllingUs: 0, StartBugReporterOnCrash: 0, Is64bit: 1, IsPro: 0

COMMAND LINE ARGUMENTS:
D:\Unity Hub\Engine\2020.3.18f1\Editor\Unity.exe
-adb2
-batchMode
-noUpm
-name
AssetImportWorker0
-projectPath
C:/Users/nkane/dev/ludum-dare-49/TileVania
-logFile
Logs/AssetImportWorker0.log
-srvPort
64763
Successfully changed project path to: C:/Users/nkane/dev/ludum-dare-49/TileVania
C:/Users/nkane/dev/ludum-dare-49/TileVania
Using Asset Import Pipeline V2.
Refreshing native plugins compatible for Editor in 45.57 ms, found 3 plugins.
Preloading 0 native plugins for Editor in 0.00 ms.
Initialize engine version: 2020.3.18f1 (a7d1c678663c)
[Subsystems] Discovering subsystems at path D:/Unity Hub/Engine/2020.3.18f1/Editor/Data/Resources/UnitySubsystems
[Subsystems] Discovering subsystems at path C:/Users/nkane/dev/ludum-dare-49/TileVania/Assets
GfxDevice: creating device client; threaded=0
Direct3D:
    Version:  Direct3D 11.0 [level 11.1]
    Renderer: NVIDIA GeForce GTX 1080 (ID=0x1b80)
    Vendor:   
    VRAM:     8079 MB
    Driver:   30.0.14.7212
Initialize mono
Mono path[0] = 'D:/Unity Hub/Engine/2020.3.18f1/Editor/Data/Managed'
Mono path[1] = 'D:/Unity Hub/Engine/2020.3.18f1/Editor/Data/MonoBleedingEdge/lib/mono/unityjit'
Mono config path = 'D:/Unity Hub/Engine/2020.3.18f1/Editor/Data/MonoBleedingEdge/etc'
Using monoOptions --debugger-agent=transport=dt_socket,embedding=1,server=y,suspend=n,address=127.0.0.1:56700
Begin MonoManager ReloadAssembly
Registering precompiled unity dll's ...
Register platform support module: D:/Unity Hub/Engine/2020.3.18f1/Editor/Data/PlaybackEngines/WebGLSupport/UnityEditor.WebGL.Extensions.dll
Register platform support module: D:/Unity Hub/Engine/2020.3.18f1/Editor/Data/PlaybackEngines/WindowsStandaloneSupport/UnityEditor.WindowsStandalone.Extensions.dll
Registered in 0.001116 seconds.
Native extension for WindowsStandalone target not found
Native extension for WebGL target not found
Refreshing native plugins compatible for Editor in 97.25 ms, found 3 plugins.
Preloading 0 native plugins for Editor in 0.00 ms.
Mono: successfully reloaded assembly
- Completed reload, in  1.048 seconds
Domain Reload Profiling:
	ReloadAssembly (1048ms)
		BeginReloadAssembly (43ms)
			ExecutionOrderSort (0ms)
			DisableScriptedObjects (0ms)
			BackupInstance (0ms)
			ReleaseScriptingObjects (0ms)
			CreateAndSetChildDomain (1ms)
		EndReloadAssembly (610ms)
			LoadAssemblies (43ms)
			RebuildTransferFunctionScriptingTraits (0ms)
			SetupTypeCache (157ms)
			ReleaseScriptCaches (0ms)
			RebuildScriptCaches (31ms)
			SetupLoadedEditorAssemblies (337ms)
				LogAssemblyErrors (0ms)
				InitializePlatformSupportModulesInManaged (4ms)
				SetLoadedEditorAssemblies (0ms)
				RefreshPlugins (97ms)
				BeforeProcessingInitializeOnLoad (45ms)
				ProcessInitializeOnLoadAttributes (153ms)
				ProcessInitializeOnLoadMethodAttributes (37ms)
				AfterProcessingInitializeOnLoad (0ms)
				EditorAssembliesLoaded (0ms)
			ExecutionOrderSort2 (0ms)
			AwakeInstancesAfterBackupRestoration (0ms)
Platform modules already initialized, skipping
Registering precompiled user dll's ...
Registered in 0.003860 seconds.
Begin MonoManager ReloadAssembly
Native extension for WindowsStandalone target not found
Native extension for WebGL target not found
Refreshing native plugins compatible for Editor in 111.44 ms, found 3 plugins.
Preloading 0 native plugins for Editor in 0.00 ms.
Mono: successfully reloaded assembly
- Completed reload, in  2.024 seconds
Domain Reload Profiling:
	ReloadAssembly (2025ms)
		BeginReloadAssembly (179ms)
			ExecutionOrderSort (0ms)
			DisableScriptedObjects (6ms)
			BackupInstance (0ms)
			ReleaseScriptingObjects (0ms)
			CreateAndSetChildDomain (24ms)
		EndReloadAssembly (1732ms)
			LoadAssemblies (130ms)
			RebuildTransferFunctionScriptingTraits (0ms)
			SetupTypeCache (631ms)
			ReleaseScriptCaches (1ms)
			RebuildScriptCaches (88ms)
			SetupLoadedEditorAssemblies (608ms)
				LogAssemblyErrors (0ms)
				InitializePlatformSupportModulesInManaged (101ms)
				SetLoadedEditorAssemblies (0ms)
				RefreshPlugins (112ms)
				BeforeProcessingInitializeOnLoad (128ms)
				ProcessInitializeOnLoadAttributes (250ms)
				ProcessInitializeOnLoadMethodAttributes (15ms)
				AfterProcessingInitializeOnLoad (2ms)
				EditorAssembliesLoaded (0ms)
			ExecutionOrderSort2 (0ms)
			AwakeInstancesAfterBackupRestoration (6ms)
Platform modules already initialized, skipping
========================================================================
Worker process is ready to serve import requests
Launched and connected shader compiler UnityShaderCompiler.exe after 0.07 seconds
Refreshing native plugins compatible for Editor in 0.85 ms, found 3 plugins.
Preloading 0 native plugins for Editor in 0.00 ms.
Unloading 2407 Unused Serialized files (Serialized files now loaded: 0)
System memory in use before: 116.8 MB.
System memory in use after: 116.6 MB.

Unloading 28 unused Assets to reduce memory usage. Loaded Objects now: 2866.
Total: 4.553300 ms (FindLiveObjects: 0.381900 ms CreateObjectMapping: 0.148100 ms MarkObjects: 3.624700 ms  DeleteObjects: 0.397200 ms)

AssetImportParameters requested are different than current active one (requested -> active):
  custom:framework-win-MediaFoundation: 216162199b28c13a410421893ffa2e32 -> 
  custom:video-decoder-ogg-theora: a1e56fd34408186e4bbccfd4996cb3dc -> 
  custom:container-muxer-webm: aa71ff27fc2769a1b78a27578f13a17b -> 
  custom:container-demuxer-webm: 4f35f7cbe854078d1ac9338744f61a02 -> 
  custom:container-demuxer-ogg: 62fdf1f143b41e24485cea50d1cbac27 -> 
  custom:video-encoder-webm-vp8: eb34c28f22e8b96e1ab97ce403110664 -> 
  custom:video-decoder-webm-vp8: 9c59270c3fd7afecdb556c50c9e8de78 -> 
  custom:audio-decoder-ogg-vorbis: bf7c407c2cedff20999df2af8eb42d56 -> 
  custom:audio-encoder-webm-vorbis: bf7c407c2cedff20999df2af8eb42d56 -> 
========================================================================
Received Import Request.
  path: Assets/Scripts/EnemyMovement.cs
  artifactKey: Guid(b7e220a3710fb994489642861141bf0d) Importer(815301076,1909f56bfc062723c751e8b465ee728b)
Start importing Assets/Scripts/EnemyMovement.cs using Guid(b7e220a3710fb994489642861141bf0d) Importer(815301076,1909f56bfc062723c751e8b465ee728b)  -> (artifact id: '859ef4ea3fb50157aa6b505b93d54a7e') in 0.048150 seconds 
  Import took 0.055256 seconds .

========================================================================
Received Import Request.
  Time since last request: 49.851870 seconds.
  path: Assets/Sprites & Tiles/Platforms.asset
  artifactKey: Guid(8fb7b2bd926ff0d408bf1a2953d6a947) Importer(815301076,1909f56bfc062723c751e8b465ee728b)
Start importing Assets/Sprites & Tiles/Platforms.asset using Guid(8fb7b2bd926ff0d408bf1a2953d6a947) Importer(815301076,1909f56bfc062723c751e8b465ee728b)  -> (artifact id: '93ebace371ba5b5e8400efddf0ad2b46') in 0.061164 seconds 
  Import took 0.064533 seconds .

========================================================================
Received Prepare
Registering precompiled user dll's ...
Registered in 0.008602 seconds.
Begin MonoManager ReloadAssembly
Native extension for WindowsStandalone target not found
Native extension for WebGL target not found
Refreshing native plugins compatible for Editor in 0.93 ms, found 3 plugins.
Preloading 0 native plugins for Editor in 0.00 ms.
Mono: successfully reloaded assembly
- Completed reload, in  1.106 seconds
Domain Reload Profiling:
	ReloadAssembly (1107ms)
		BeginReloadAssembly (116ms)
			ExecutionOrderSort (0ms)
			DisableScriptedObjects (7ms)
			BackupInstance (0ms)
			ReleaseScriptingObjects (0ms)
			CreateAndSetChildDomain (36ms)
		EndReloadAssembly (932ms)
			LoadAssemblies (82ms)
			RebuildTransferFunctionScriptingTraits (0ms)
			SetupTypeCache (316ms)
			ReleaseScriptCaches (1ms)
			RebuildScriptCaches (58ms)
			SetupLoadedEditorAssemblies (352ms)
				LogAssemblyErrors (0ms)
				InitializePlatformSupportModulesInManaged (7ms)
				SetLoadedEditorAssemblies (1ms)
				RefreshPlugins (1ms)
				BeforeProcessingInitializeOnLoad (119ms)
				ProcessInitializeOnLoadAttributes (214ms)
				ProcessInitializeOnLoadMethodAttributes (7ms)
				AfterProcessingInitializeOnLoad (3ms)
				EditorAssembliesLoaded (0ms)
			ExecutionOrderSort2 (0ms)
			AwakeInstancesAfterBackupRestoration (12ms)
Platform modules already initialized, skipping
Refreshing native plugins compatible for Editor in 0.55 ms, found 3 plugins.
Preloading 0 native plugins for Editor in 0.00 ms.
Unloading 2374 Unused Serialized files (Serialized files now loaded: 0)
System memory in use before: 117.0 MB.
System memory in use after: 116.9 MB.

Unloading 17 unused Assets to reduce memory usage. Loaded Objects now: 2872.
Total: 3.729900 ms (FindLiveObjects: 0.386400 ms CreateObjectMapping: 0.176000 ms MarkObjects: 2.801100 ms  DeleteObjects: 0.364500 ms)

AssetImportParameters requested are different than current active one (requested -> active):
  custom:framework-win-MediaFoundation: 216162199b28c13a410421893ffa2e32 -> 
  custom:video-decoder-ogg-theora: a1e56fd34408186e4bbccfd4996cb3dc -> 
  custom:container-muxer-webm: aa71ff27fc2769a1b78a27578f13a17b -> 
  custom:container-demuxer-webm: 4f35f7cbe854078d1ac9338744f61a02 -> 
  custom:container-demuxer-ogg: 62fdf1f143b41e24485cea50d1cbac27 -> 
  custom:video-encoder-webm-vp8: eb34c28f22e8b96e1ab97ce403110664 -> 
  custom:video-decoder-webm-vp8: 9c59270c3fd7afecdb556c50c9e8de78 -> 
  custom:audio-decoder-ogg-vorbis: bf7c407c2cedff20999df2af8eb42d56 -> 
  custom:audio-encoder-webm-vorbis: bf7c407c2cedff20999df2af8eb42d56 -> 
========================================================================
Received Import Request.
  Time since last request: 51.432911 seconds.
  path: Assets/Sprites & Tiles/Tiles/Main Palette.prefab
  artifactKey: Guid(3cffbcd913da083499350dae40c5143d) Importer(815301076,1909f56bfc062723c751e8b465ee728b)
Start importing Assets/Sprites & Tiles/Tiles/Main Palette.prefab using Guid(3cffbcd913da083499350dae40c5143d) Importer(815301076,1909f56bfc062723c751e8b465ee728b)  -> (artifact id: 'ef7f3181fdec7dd93b8f10f88b72acd9') in 0.077691 seconds 
  Import took 0.081744 seconds .

========================================================================
Received Import Request.
  Time since last request: 0.000186 seconds.
  path: Assets/Sprites & Tiles/Tiles/SPA_Background brown tint_10.asset
  artifactKey: Guid(0f4baf5925f575943860030eb3050f13) Importer(815301076,1909f56bfc062723c751e8b465ee728b)
Start importing Assets/Sprites & Tiles/Tiles/SPA_Background brown tint_10.asset using Guid(0f4baf5925f575943860030eb3050f13) Importer(815301076,1909f56bfc062723c751e8b465ee728b)  -> (artifact id: '6be067495533c107dc95932d3f7cd4cd') in 0.022700 seconds 
  Import took 0.026294 seconds .

========================================================================
Received Import Request.
  Time since last request: 0.000206 seconds.
  path: Assets/Sprites & Tiles/Tiles/SPA_Background brown tint_0.asset
  artifactKey: Guid(01a45752ab9090e46ada4a829bfcd3c4) Importer(815301076,1909f56bfc062723c751e8b465ee728b)
Start importing Assets/Sprites & Tiles/Tiles/SPA_Background brown tint_0.asset using Guid(01a45752ab9090e46ada4a829bfcd3c4) Importer(815301076,1909f56bfc062723c751e8b465ee728b)  -> (artifact id: '02c817b2004599e29542fe4f9d4da294') in 0.012722 seconds 
  Import took 0.017288 seconds .

========================================================================
Received Import Request.
  Time since last request: 0.000174 seconds.
  path: Assets/Sprites & Tiles/Tiles/SPA_Ladder.asset
  artifactKey: Guid(f08e08ca3efce2f49b427380bee31272) Importer(815301076,1909f56bfc062723c751e8b465ee728b)
Start importing Assets/Sprites & Tiles/Tiles/SPA_Ladder.asset using Guid(f08e08ca3efce2f49b427380bee31272) Importer(815301076,1909f56bfc062723c751e8b465ee728b)  -> (artifact id: '02018a949be738a82dd29f39743f7ea6') in 0.012960 seconds 
  Import took 0.017044 seconds .

========================================================================
Received Import Request.
  Time since last request: 0.000189 seconds.
  path: Assets/Sprites & Tiles/Tiles/SPA_Rock_Grass_Water_0.asset
  artifactKey: Guid(3b98ca7f62e324840a3b0fadc45ec62e) Importer(815301076,1909f56bfc062723c751e8b465ee728b)
Start importing Assets/Sprites & Tiles/Tiles/SPA_Rock_Grass_Water_0.asset using Guid(3b98ca7f62e324840a3b0fadc45ec62e) Importer(815301076,1909f56bfc062723c751e8b465ee728b)  -> (artifact id: 'ef6401ec9d24363dff360381d2d81c3f') in 0.014920 seconds 
  Import took 0.018816 seconds .

========================================================================
Received Import Request.
  Time since last request: 0.000200 seconds.
  path: Assets/Sprites & Tiles/Tiles/SPA_Rock_Grass_Water_1.asset
  artifactKey: Guid(eff6a6e7c8fc06745b225b6cf4e5fc94) Importer(815301076,1909f56bfc062723c751e8b465ee728b)
Start importing Assets/Sprites & Tiles/Tiles/SPA_Rock_Grass_Water_1.asset using Guid(eff6a6e7c8fc06745b225b6cf4e5fc94) Importer(815301076,1909f56bfc062723c751e8b465ee728b)  -> (artifact id: 'fe78a85ddad9c1a82b26b27a1f0fd645') in 0.012292 seconds 
  Import took 0.016225 seconds .

========================================================================
Received Import Request.
  Time since last request: 0.000192 seconds.
  path: Assets/Sprites & Tiles/Tiles/SPA_Background brown tint_14.asset
  artifactKey: Guid(5c949dd37583b50409e00922cccade4d) Importer(815301076,1909f56bfc062723c751e8b465ee728b)
Start importing Assets/Sprites & Tiles/Tiles/SPA_Background brown tint_14.asset using Guid(5c949dd37583b50409e00922cccade4d) Importer(815301076,1909f56bfc062723c751e8b465ee728b)  -> (artifact id: '56fa618c2e3f549c36a60f491a4431cc') in 0.013189 seconds 
  Import took 0.016791 seconds .

========================================================================
Received Import Request.
  Time since last request: 0.000181 seconds.
  path: Assets/Sprites & Tiles/Tiles/SPA_Background brown tint_15.asset
  artifactKey: Guid(642bd506253271d44a1971f70950aadc) Importer(815301076,1909f56bfc062723c751e8b465ee728b)
Start importing Assets/Sprites & Tiles/Tiles/SPA_Background brown tint_15.asset using Guid(642bd506253271d44a1971f70950aadc) Importer(815301076,1909f56bfc062723c751e8b465ee728b)  -> (artifact id: '675502dd645923c6ccf25dc08791ec2f') in 0.012771 seconds 
  Import took 0.016639 seconds .

========================================================================
Received Import Request.
  Time since last request: 0.000198 seconds.
  path: Assets/Sprites & Tiles/Tiles/SPA_Background brown tint_5.asset
  artifactKey: Guid(05ba0cd8e813f0d48a36d63ce1aff4e6) Importer(815301076,1909f56bfc062723c751e8b465ee728b)
Start importing Assets/Sprites & Tiles/Tiles/SPA_Background brown tint_5.asset using Guid(05ba0cd8e813f0d48a36d63ce1aff4e6) Importer(815301076,1909f56bfc062723c751e8b465ee728b)  -> (artifact id: '4a0a821cbfa166a4a6bd9ce67e414f66') in 0.015704 seconds 
  Import took 0.021932 seconds .

========================================================================
Received Import Request.
  Time since last request: 0.000202 seconds.
  path: Assets/Sprites & Tiles/Tiles/SPA_Background brown tint_11.asset
  artifactKey: Guid(3b217bff7493ef540a6c3588ae8bd4fe) Importer(815301076,1909f56bfc062723c751e8b465ee728b)
Start importing Assets/Sprites & Tiles/Tiles/SPA_Background brown tint_11.asset using Guid(3b217bff7493ef540a6c3588ae8bd4fe) Importer(815301076,1909f56bfc062723c751e8b465ee728b)  -> (artifact id: '3b6c286da206f7347a69d99a6fff24a6') in 0.013091 seconds 
  Import took 0.018395 seconds .

========================================================================
Received Import Request.
  Time since last request: 0.000191 seconds.
  path: Assets/Sprites & Tiles/Tiles/SPA_Rock_Grass_Water_4.asset
  artifactKey: Guid(48c11deb33ce9e244a5a056eb84d47ea) Importer(815301076,1909f56bfc062723c751e8b465ee728b)
Start importing Assets/Sprites & Tiles/Tiles/SPA_Rock_Grass_Water_4.asset using Guid(48c11deb33ce9e244a5a056eb84d47ea) Importer(815301076,1909f56bfc062723c751e8b465ee728b)  -> (artifact id: 'b048ca3b279604ab0fee249399512cef') in 0.012204 seconds 
  Import took 0.015854 seconds .

========================================================================
Received Import Request.
  Time since last request: 0.000185 seconds.
  path: Assets/Sprites & Tiles/Tiles/SPA_Rock_Grass_Water_5.asset
  artifactKey: Guid(6587fe13018e6734392a426e8d2f9e03) Importer(815301076,1909f56bfc062723c751e8b465ee728b)
Start importing Assets/Sprites & Tiles/Tiles/SPA_Rock_Grass_Water_5.asset using Guid(6587fe13018e6734392a426e8d2f9e03) Importer(815301076,1909f56bfc062723c751e8b465ee728b)  -> (artifact id: '298a1fcc928050672872c98d68046c63') in 0.011874 seconds 
  Import took 0.015650 seconds .

========================================================================
Received Import Request.
  Time since last request: 0.000188 seconds.
  path: Assets/Sprites & Tiles/Tiles/SPA_Background brown tint_12.asset
  artifactKey: Guid(73a01ea3c2b577144ba8ceaf26cc4625) Importer(815301076,1909f56bfc062723c751e8b465ee728b)
Start importing Assets/Sprites & Tiles/Tiles/SPA_Background brown tint_12.asset using Guid(73a01ea3c2b577144ba8ceaf26cc4625) Importer(815301076,1909f56bfc062723c751e8b465ee728b)  -> (artifact id: '68e8b7887e177640d0cdc685df319017') in 0.012304 seconds 
  Import took 0.016428 seconds .

========================================================================
Received Import Request.
  Time since last request: 0.000188 seconds.
  path: Assets/Sprites & Tiles/Tiles/SPA_Rock_Grass_Water_2.asset
  artifactKey: Guid(37adc4727951ad34f974fcf320f37c25) Importer(815301076,1909f56bfc062723c751e8b465ee728b)
Start importing Assets/Sprites & Tiles/Tiles/SPA_Rock_Grass_Water_2.asset using Guid(37adc4727951ad34f974fcf320f37c25) Importer(815301076,1909f56bfc062723c751e8b465ee728b)  -> (artifact id: '5c98e957ccbc179f8be08e05f43e648f') in 0.011671 seconds 
  Import took 0.015535 seconds .

========================================================================
Received Import Request.
  Time since last request: 0.000183 seconds.
  path: Assets/Sprites & Tiles/Tiles/SPA_Background brown tint_7.asset
  artifactKey: Guid(1fc197396c7b2f34fa7cca95eaf69e8e) Importer(815301076,1909f56bfc062723c751e8b465ee728b)
Start importing Assets/Sprites & Tiles/Tiles/SPA_Background brown tint_7.asset using Guid(1fc197396c7b2f34fa7cca95eaf69e8e) Importer(815301076,1909f56bfc062723c751e8b465ee728b)  -> (artifact id: '390502e8e61082350139030e16c2ee44') in 0.012024 seconds 
  Import took 0.016665 seconds .

========================================================================
Received Import Request.
  Time since last request: 0.000182 seconds.
  path: Assets/Sprites & Tiles/Tiles/SPA_Rock_Grass_Water_3.asset
  artifactKey: Guid(3e248b318b01cb84888f8c04e13f7f34) Importer(815301076,1909f56bfc062723c751e8b465ee728b)
Start importing Assets/Sprites & Tiles/Tiles/SPA_Rock_Grass_Water_3.asset using Guid(3e248b318b01cb84888f8c04e13f7f34) Importer(815301076,1909f56bfc062723c751e8b465ee728b)  -> (artifact id: '057dba4b67fd9bb936a4b696a1b7bc6d') in 0.011898 seconds 
  Import took 0.016624 seconds .

========================================================================
Received Import Request.
  Time since last request: 0.000174 seconds.
  path: Assets/Sprites & Tiles/Tiles/SPA_Rock_Grass_Water_6.asset
  artifactKey: Guid(62f6d07091ad8c24180c7e9098168da7) Importer(815301076,1909f56bfc062723c751e8b465ee728b)
Start importing Assets/Sprites & Tiles/Tiles/SPA_Rock_Grass_Water_6.asset using Guid(62f6d07091ad8c24180c7e9098168da7) Importer(815301076,1909f56bfc062723c751e8b465ee728b)  -> (artifact id: '97e53d23be63cfaf9839784fe303603e') in 0.010701 seconds 
  Import took 0.015151 seconds .

========================================================================
Received Import Request.
  Time since last request: 0.000226 seconds.
  path: Assets/Sprites & Tiles/Tiles/SPA_Rock_Grass_Water_8.asset
  artifactKey: Guid(3e44c4e33f85f0942a8976a5bba787a9) Importer(815301076,1909f56bfc062723c751e8b465ee728b)
Start importing Assets/Sprites & Tiles/Tiles/SPA_Rock_Grass_Water_8.asset using Guid(3e44c4e33f85f0942a8976a5bba787a9) Importer(815301076,1909f56bfc062723c751e8b465ee728b)  -> (artifact id: '696fc17ccca5eff67abd0c4b25a7032d') in 0.012734 seconds 
  Import took 0.016082 seconds .

========================================================================
Received Import Request.
  Time since last request: 0.000166 seconds.
  path: Assets/Sprites & Tiles/Tiles/SPA_Background brown tint_8.asset
  artifactKey: Guid(4c7924c679d946640a1b46fbcbda9567) Importer(815301076,1909f56bfc062723c751e8b465ee728b)
Start importing Assets/Sprites & Tiles/Tiles/SPA_Background brown tint_8.asset using Guid(4c7924c679d946640a1b46fbcbda9567) Importer(815301076,1909f56bfc062723c751e8b465ee728b)  -> (artifact id: '53f9d6d6fb045277a7489e6e2bff9d44') in 0.011541 seconds 
  Import took 0.014643 seconds .

========================================================================
Received Import Request.
  Time since last request: 0.000175 seconds.
  path: Assets/Sprites & Tiles/Tiles/SPA_Rock_Grass_Water_9.asset
  artifactKey: Guid(acfd6275de7371a4888fa6e8c3cd31a8) Importer(815301076,1909f56bfc062723c751e8b465ee728b)
Start importing Assets/Sprites & Tiles/Tiles/SPA_Rock_Grass_Water_9.asset using Guid(acfd6275de7371a4888fa6e8c3cd31a8) Importer(815301076,1909f56bfc062723c751e8b465ee728b)  -> (artifact id: '9dd980fbf95fe470db875be92e436d95') in 0.012384 seconds 
  Import took 0.016087 seconds .

========================================================================
Received Import Request.
  Time since last request: 0.000176 seconds.
  path: Assets/Sprites & Tiles/Tiles/SPA_Rock_Grass_Water_10.asset
  artifactKey: Guid(bb542006047f82946bba27ac2699504c) Importer(815301076,1909f56bfc062723c751e8b465ee728b)
Start importing Assets/Sprites & Tiles/Tiles/SPA_Rock_Grass_Water_10.asset using Guid(bb542006047f82946bba27ac2699504c) Importer(815301076,1909f56bfc062723c751e8b465ee728b)  -> (artifact id: '3d023117095c161b56d4c2619bf9c888') in 0.011634 seconds 
  Import took 0.015853 seconds .

========================================================================
Received Import Request.
  Time since last request: 0.000168 seconds.
  path: Assets/Sprites & Tiles/Tiles/SPA_Background brown tint_13.asset
  artifactKey: Guid(10be38682b0907d40a73e87b9d362c01) Importer(815301076,1909f56bfc062723c751e8b465ee728b)
Start importing Assets/Sprites & Tiles/Tiles/SPA_Background brown tint_13.asset using Guid(10be38682b0907d40a73e87b9d362c01) Importer(815301076,1909f56bfc062723c751e8b465ee728b)  -> (artifact id: '32ebe3706f035a45ea8ec9e5971cc06f') in 0.011472 seconds 
  Import took 0.015027 seconds .

========================================================================
Received Import Request.
  Time since last request: 0.000170 seconds.
  path: Assets/Sprites & Tiles/Tiles/SPA_Background brown tint_1.asset
  artifactKey: Guid(2997c4ab92c2add438c16efc5d80d3c0) Importer(815301076,1909f56bfc062723c751e8b465ee728b)
Start importing Assets/Sprites & Tiles/Tiles/SPA_Background brown tint_1.asset using Guid(2997c4ab92c2add438c16efc5d80d3c0) Importer(815301076,1909f56bfc062723c751e8b465ee728b)  -> (artifact id: 'ede0efc254a223e037a28c2f15b646c6') in 0.010736 seconds 
  Import took 0.014505 seconds .

========================================================================
Received Import Request.
  Time since last request: 0.000173 seconds.
  path: Assets/Sprites & Tiles/Tiles/SPA_Background brown tint_4.asset
  artifactKey: Guid(2f3c32a479c94ae4f83bad39e47f8b57) Importer(815301076,1909f56bfc062723c751e8b465ee728b)
Start importing Assets/Sprites & Tiles/Tiles/SPA_Background brown tint_4.asset using Guid(2f3c32a479c94ae4f83bad39e47f8b57) Importer(815301076,1909f56bfc062723c751e8b465ee728b)  -> (artifact id: '82c1cef97fe78630bced6fcf1a11e76d') in 0.010795 seconds 
  Import took 0.015237 seconds .

========================================================================
Received Import Request.
  Time since last request: 0.000168 seconds.
  path: Assets/Sprites & Tiles/Tiles/SPA_Rock_Grass_Water_7.asset
  artifactKey: Guid(b4d73889fc8ab834897c209d45a18b81) Importer(815301076,1909f56bfc062723c751e8b465ee728b)
Start importing Assets/Sprites & Tiles/Tiles/SPA_Rock_Grass_Water_7.asset using Guid(b4d73889fc8ab834897c209d45a18b81) Importer(815301076,1909f56bfc062723c751e8b465ee728b)  -> (artifact id: '9ac5003e1250062a9b057e753caf8717') in 0.012680 seconds 
  Import took 0.017249 seconds .

========================================================================
Received Import Request.
  Time since last request: 0.000184 seconds.
  path: Assets/Sprites & Tiles/Tiles/SPA_Background brown tint_9.asset
  artifactKey: Guid(d01a1f1dff695304892aeb0d29ea9e69) Importer(815301076,1909f56bfc062723c751e8b465ee728b)
Start importing Assets/Sprites & Tiles/Tiles/SPA_Background brown tint_9.asset using Guid(d01a1f1dff695304892aeb0d29ea9e69) Importer(815301076,1909f56bfc062723c751e8b465ee728b)  -> (artifact id: '368e7473284deba0ff778a931d4dd3bb') in 0.012104 seconds 
  Import took 0.016472 seconds .

========================================================================
Received Import Request.
  Time since last request: 0.000198 seconds.
  path: Assets/Sprites & Tiles/Tiles/SPA_Background brown tint_2.asset
  artifactKey: Guid(5621617b409ebff49ba63ad41ba477cb) Importer(815301076,1909f56bfc062723c751e8b465ee728b)
Start importing Assets/Sprites & Tiles/Tiles/SPA_Background brown tint_2.asset using Guid(5621617b409ebff49ba63ad41ba477cb) Importer(815301076,1909f56bfc062723c751e8b465ee728b)  -> (artifact id: 'b20dcfc1b6c25694cc4bc720bac12c8a') in 0.011318 seconds 
  Import took 0.014762 seconds .

========================================================================
Received Import Request.
  Time since last request: 0.000185 seconds.
  path: Assets/Sprites & Tiles/Tiles/SPA_Background brown tint_3.asset
  artifactKey: Guid(1e59be842c328aa4aa5ee2af0f3ccf37) Importer(815301076,1909f56bfc062723c751e8b465ee728b)
Start importing Assets/Sprites & Tiles/Tiles/SPA_Background brown tint_3.asset using Guid(1e59be842c328aa4aa5ee2af0f3ccf37) Importer(815301076,1909f56bfc062723c751e8b465ee728b)  -> (artifact id: '60643bb1b30de6d8878d252a901f621e') in 0.012500 seconds 
  Import took 0.016560 seconds .

========================================================================
Received Import Request.
  Time since last request: 0.000181 seconds.
  path: Assets/Sprites & Tiles/Tiles/SPA_Background brown tint_6.asset
  artifactKey: Guid(0ac7d24c0a7af944abde5145c712c3d3) Importer(815301076,1909f56bfc062723c751e8b465ee728b)
Start importing Assets/Sprites & Tiles/Tiles/SPA_Background brown tint_6.asset using Guid(0ac7d24c0a7af944abde5145c712c3d3) Importer(815301076,1909f56bfc062723c751e8b465ee728b)  -> (artifact id: '2ea4f10e1cffaa3cc5cf13580abe9441') in 0.013905 seconds 
  Import took 0.018011 seconds .

========================================================================
Received Import Request.
  Time since last request: 0.214209 seconds.
  path: Assets/Sprites & Tiles/Sprites/SPA_Background brown tint.png
  artifactKey: Guid(429f542ed7268224cbe7045de30ecfd6) Importer(815301076,1909f56bfc062723c751e8b465ee728b)
Start importing Assets/Sprites & Tiles/Sprites/SPA_Background brown tint.png using Guid(429f542ed7268224cbe7045de30ecfd6) Importer(815301076,1909f56bfc062723c751e8b465ee728b)  -> (artifact id: '606df686a3d710511251fc08f6b380b8') in 0.111302 seconds 
  Import took 0.115481 seconds .

========================================================================
Received Import Request.
  Time since last request: 0.000172 seconds.
  path: Assets/Sprites & Tiles/Sprites/SPA_Player_Ginger.png
  artifactKey: Guid(6f478981a275ce645b5ba04b593da080) Importer(815301076,1909f56bfc062723c751e8b465ee728b)
Start importing Assets/Sprites & Tiles/Sprites/SPA_Player_Ginger.png using Guid(6f478981a275ce645b5ba04b593da080) Importer(815301076,1909f56bfc062723c751e8b465ee728b)  -> (artifact id: 'e953d70c40c5747a561d6c59ead34644') in 0.094633 seconds 
  Import took 0.099140 seconds .

========================================================================
Received Import Request.
  Time since last request: 0.000202 seconds.
  path: Assets/Sprites & Tiles/Sprites/SPA_Rock_Grass_Water.png
  artifactKey: Guid(55daa98465a00584888b9c3fec64e815) Importer(815301076,1909f56bfc062723c751e8b465ee728b)
Start importing Assets/Sprites & Tiles/Sprites/SPA_Rock_Grass_Water.png using Guid(55daa98465a00584888b9c3fec64e815) Importer(815301076,1909f56bfc062723c751e8b465ee728b)  -> (artifact id: '88655298701a3ffc66464d71a3a33fbe') in 0.086464 seconds 
  Import took 0.090957 seconds .

========================================================================
Received Import Request.
  Time since last request: 0.000192 seconds.
  path: Assets/Sprites & Tiles/Sprites/SPA_Ladder.png
  artifactKey: Guid(6ba95bd0241b02c4eb7233175d88b537) Importer(815301076,1909f56bfc062723c751e8b465ee728b)
Start importing Assets/Sprites & Tiles/Sprites/SPA_Ladder.png using Guid(6ba95bd0241b02c4eb7233175d88b537) Importer(815301076,1909f56bfc062723c751e8b465ee728b)  -> (artifact id: 'eff038149b93c9adc195a5581d1dbbc5') in 0.012698 seconds 
  Import took 0.016888 seconds .

========================================================================
Received Import Request.
  Time since last request: 0.000174 seconds.
  path: Assets/Sprites & Tiles/Sprites/SPA_Enemy_Right.png
  artifactKey: Guid(64fa516df191d5644bb1382f795fca25) Importer(815301076,1909f56bfc062723c751e8b465ee728b)
Start importing Assets/Sprites & Tiles/Sprites/SPA_Enemy_Right.png using Guid(64fa516df191d5644bb1382f795fca25) Importer(815301076,1909f56bfc062723c751e8b465ee728b)  -> (artifact id: '53475c50fc460be5158510c45fc4a8e7') in 0.026291 seconds 
  Import took 0.030250 seconds .

========================================================================
Received Import Request.
  Time since last request: 28.301567 seconds.
  path: Assets/Sprites & Tiles/Tiles/SPA_Rock_Grass_Water_11.asset
  artifactKey: Guid(63221f24e518bda40a9bf91559dc7624) Importer(815301076,1909f56bfc062723c751e8b465ee728b)
Start importing Assets/Sprites & Tiles/Tiles/SPA_Rock_Grass_Water_11.asset using Guid(63221f24e518bda40a9bf91559dc7624) Importer(815301076,1909f56bfc062723c751e8b465ee728b)  -> (artifact id: '3022cc0d765cfd46001b8d56588e5b9b') in 0.058007 seconds 
  Import took 0.069595 seconds .

========================================================================
Received Import Request.
  Time since last request: 0.001347 seconds.
  path: Assets/Sprites & Tiles/Tiles/SPA_Rock_Grass_Water_16.asset
  artifactKey: Guid(b81e7e31e69b6134c9494affabbbbe5c) Importer(815301076,1909f56bfc062723c751e8b465ee728b)
Start importing Assets/Sprites & Tiles/Tiles/SPA_Rock_Grass_Water_16.asset using Guid(b81e7e31e69b6134c9494affabbbbe5c) Importer(815301076,1909f56bfc062723c751e8b465ee728b)  -> (artifact id: '3437b07273bce002f5adc63d1e2b6aed') in 0.071659 seconds 
  Import took 0.103645 seconds .

========================================================================
Received Import Request.
  Time since last request: 0.000070 seconds.
  path: Assets/Sprites & Tiles/Tiles/SPA_Rock_Grass_Water_15.asset
  artifactKey: Guid(54fb310fbd24019419028fe0453a7f45) Importer(815301076,1909f56bfc062723c751e8b465ee728b)
Start importing Assets/Sprites & Tiles/Tiles/SPA_Rock_Grass_Water_15.asset using Guid(54fb310fbd24019419028fe0453a7f45) Importer(815301076,1909f56bfc062723c751e8b465ee728b)  -> (artifact id: 'a595fbe59558fa6dd8cd5a6973c4b71f') in 0.033355 seconds 
  Import took 0.043094 seconds .

========================================================================
Received Import Request.
  Time since last request: 0.000182 seconds.
  path: Assets/Sprites & Tiles/Tiles/SPA_Rock_Grass_Water_21.asset
  artifactKey: Guid(70e6bbb0782686b46ae1da3bacf31616) Importer(815301076,1909f56bfc062723c751e8b465ee728b)
Start importing Assets/Sprites & Tiles/Tiles/SPA_Rock_Grass_Water_21.asset using Guid(70e6bbb0782686b46ae1da3bacf31616) Importer(815301076,1909f56bfc062723c751e8b465ee728b)  -> (artifact id: '2a5a1e09f998a2be5cdb0fcf4ab56189') in 0.038293 seconds 
  Import took 0.054406 seconds .

========================================================================
Received Import Request.
  Time since last request: 0.000061 seconds.
  path: Assets/Sprites & Tiles/Tiles/SPA_Rock_Grass_Water_22.asset
  artifactKey: Guid(2d8788ba050aa0547b28fdaf21671bbc) Importer(815301076,1909f56bfc062723c751e8b465ee728b)
Start importing Assets/Sprites & Tiles/Tiles/SPA_Rock_Grass_Water_22.asset using Guid(2d8788ba050aa0547b28fdaf21671bbc) Importer(815301076,1909f56bfc062723c751e8b465ee728b)  -> (artifact id: '55ab17351d78de9fb85e9045c4032888') in 0.037142 seconds 
  Import took 0.045187 seconds .

========================================================================
Received Import Request.
  Time since last request: 0.003234 seconds.
  path: Assets/Sprites & Tiles/Tiles/SPA_Rock_Grass_Water_14.asset
  artifactKey: Guid(6695c68ba24711b4cb90e5f9066868cd) Importer(815301076,1909f56bfc062723c751e8b465ee728b)
Start importing Assets/Sprites & Tiles/Tiles/SPA_Rock_Grass_Water_14.asset using Guid(6695c68ba24711b4cb90e5f9066868cd) Importer(815301076,1909f56bfc062723c751e8b465ee728b)  -> (artifact id: '55e906e3a1b27be8d58261f9a1612bcb') in 0.047946 seconds 
  Import took 0.059655 seconds .

========================================================================
Received Import Request.
  Time since last request: 0.001875 seconds.
  path: Assets/Sprites & Tiles/Tiles/SPA_Rock_Grass_Water_18.asset
  artifactKey: Guid(191cbc43e7b920e4385bc7fc838c10b3) Importer(815301076,1909f56bfc062723c751e8b465ee728b)
Start importing Assets/Sprites & Tiles/Tiles/SPA_Rock_Grass_Water_18.asset using Guid(191cbc43e7b920e4385bc7fc838c10b3) Importer(815301076,1909f56bfc062723c751e8b465ee728b)  -> (artifact id: '459aedb87835222bff03ce36b6a89280') in 0.034093 seconds 
  Import took 0.044079 seconds .

========================================================================
Received Import Request.
  Time since last request: 0.001522 seconds.
  path: Assets/Sprites & Tiles/Tiles/SPA_Rock_Grass_Water_17.asset
  artifactKey: Guid(6c99d54ccf609a14ab0ad6e36c7b1ed3) Importer(815301076,1909f56bfc062723c751e8b465ee728b)
Start importing Assets/Sprites & Tiles/Tiles/SPA_Rock_Grass_Water_17.asset using Guid(6c99d54ccf609a14ab0ad6e36c7b1ed3) Importer(815301076,1909f56bfc062723c751e8b465ee728b)  -> (artifact id: '56f36378aaee8c117cd38d81335d2409') in 0.038095 seconds 
  Import took 0.050620 seconds .

========================================================================
Received Import Request.
  Time since last request: 0.001131 seconds.
  path: Assets/Sprites & Tiles/Tiles/SPA_Rock_Grass_Water_12.asset
  artifactKey: Guid(ca3c8df24397fa34d978546be3ae2f54) Importer(815301076,1909f56bfc062723c751e8b465ee728b)
Start importing Assets/Sprites & Tiles/Tiles/SPA_Rock_Grass_Water_12.asset using Guid(ca3c8df24397fa34d978546be3ae2f54) Importer(815301076,1909f56bfc062723c751e8b465ee728b)  -> (artifact id: 'f555264ee40725fab74e0f6ce79f35d0') in 0.034883 seconds 
  Import took 0.051506 seconds .

========================================================================
Received Import Request.
  Time since last request: 0.012536 seconds.
  path: Assets/Sprites & Tiles/Tiles/SPA_Rock_Grass_Water_19.asset
  artifactKey: Guid(2ad2fccb550afc74d93ee0bd652e5115) Importer(815301076,1909f56bfc062723c751e8b465ee728b)
Start importing Assets/Sprites & Tiles/Tiles/SPA_Rock_Grass_Water_19.asset using Guid(2ad2fccb550afc74d93ee0bd652e5115) Importer(815301076,1909f56bfc062723c751e8b465ee728b)  -> (artifact id: 'ec3d8f39b6d8bb1d2c08f3c6418aeae7') in 0.049962 seconds 
  Import took 0.067996 seconds .

========================================================================
Received Import Request.
  Time since last request: 0.001019 seconds.
  path: Assets/Sprites & Tiles/Tiles/SPA_Rock_Grass_Water_29.asset
  artifactKey: Guid(0b0b49b3af528094a8e7f813b773630b) Importer(815301076,1909f56bfc062723c751e8b465ee728b)
Start importing Assets/Sprites & Tiles/Tiles/SPA_Rock_Grass_Water_29.asset using Guid(0b0b49b3af528094a8e7f813b773630b) Importer(815301076,1909f56bfc062723c751e8b465ee728b)  -> (artifact id: 'b81242f690ce8cbe65b5262912d28f8e') in 0.022934 seconds 
  Import took 0.034350 seconds .

========================================================================
Received Import Request.
  Time since last request: 0.000288 seconds.
  path: Assets/Sprites & Tiles/Tiles/SPA_Rock_Grass_Water_28.asset
  artifactKey: Guid(3d4f50b75d8ae964fa2ce5a33fc9c390) Importer(815301076,1909f56bfc062723c751e8b465ee728b)
Start importing Assets/Sprites & Tiles/Tiles/SPA_Rock_Grass_Water_28.asset using Guid(3d4f50b75d8ae964fa2ce5a33fc9c390) Importer(815301076,1909f56bfc062723c751e8b465ee728b)  -> (artifact id: 'b7b05b3d515a9f4938646e0cd375d694') in 0.037746 seconds 
  Import took 0.046460 seconds .

========================================================================
Received Import Request.
  Time since last request: 0.000058 seconds.
  path: Assets/Sprites & Tiles/Tiles/SPA_Rock_Grass_Water_24.asset
  artifactKey: Guid(09a86ed212c0bd3419eb0c94403b2ba3) Importer(815301076,1909f56bfc062723c751e8b465ee728b)
Start importing Assets/Sprites & Tiles/Tiles/SPA_Rock_Grass_Water_24.asset using Guid(09a86ed212c0bd3419eb0c94403b2ba3) Importer(815301076,1909f56bfc062723c751e8b465ee728b)  -> (artifact id: 'e6c6b96a91884639d42112f61d3c913d') in 0.060617 seconds 
  Import took 0.132801 seconds .

========================================================================
Received Import Request.
  Time since last request: 0.000825 seconds.
  path: Assets/Sprites & Tiles/Tiles/SPA_Rock_Grass_Water_23.asset
  artifactKey: Guid(634bbbb96cf01b14e84dfecb7f59fce0) Importer(815301076,1909f56bfc062723c751e8b465ee728b)
Start importing Assets/Sprites & Tiles/Tiles/SPA_Rock_Grass_Water_23.asset using Guid(634bbbb96cf01b14e84dfecb7f59fce0) Importer(815301076,1909f56bfc062723c751e8b465ee728b)  -> (artifact id: '76bbee1b211d26f5c2e13d9d3918aab2') in 0.059508 seconds 
  Import took 0.075336 seconds .

========================================================================
Received Import Request.
  Time since last request: 0.001251 seconds.
  path: Assets/Sprites & Tiles/Tiles/SPA_Rock_Grass_Water_27.asset
  artifactKey: Guid(e44dfefd0ce4f9145ba1058436d467b5) Importer(815301076,1909f56bfc062723c751e8b465ee728b)
Start importing Assets/Sprites & Tiles/Tiles/SPA_Rock_Grass_Water_27.asset using Guid(e44dfefd0ce4f9145ba1058436d467b5) Importer(815301076,1909f56bfc062723c751e8b465ee728b)  -> (artifact id: '2b20b22db92b5ff12ccd00776fd85301') in 0.043435 seconds 
  Import took 0.053233 seconds .

========================================================================
Received Import Request.
  Time since last request: 0.000985 seconds.
  path: Assets/Sprites & Tiles/Tiles/SPA_Rock_Grass_Water_25.asset
  artifactKey: Guid(358350b6e662f944784952c41d6aa106) Importer(815301076,1909f56bfc062723c751e8b465ee728b)
Start importing Assets/Sprites & Tiles/Tiles/SPA_Rock_Grass_Water_25.asset using Guid(358350b6e662f944784952c41d6aa106) Importer(815301076,1909f56bfc062723c751e8b465ee728b)  -> (artifact id: 'f7b9faa8117e3dfd3dc092c89679875e') in 0.021914 seconds 
  Import took 0.038972 seconds .

========================================================================
Received Import Request.
  Time since last request: 0.000191 seconds.
  path: Assets/Sprites & Tiles/Tiles/SPA_Rock_Grass_Water_13.asset
  artifactKey: Guid(4ba89574b7f8f7548abe875d5c4235ed) Importer(815301076,1909f56bfc062723c751e8b465ee728b)
Start importing Assets/Sprites & Tiles/Tiles/SPA_Rock_Grass_Water_13.asset using Guid(4ba89574b7f8f7548abe875d5c4235ed) Importer(815301076,1909f56bfc062723c751e8b465ee728b)  -> (artifact id: 'd40328e1c35041fe99ad183d87ce5589') in 0.030976 seconds 
  Import took 0.047540 seconds .

========================================================================
Received Import Request.
  Time since last request: 0.000236 seconds.
  path: Assets/Sprites & Tiles/Tiles/SPA_Rock_Grass_Water_26.asset
  artifactKey: Guid(caf8817f976e6b047bd07163d94ccfea) Importer(815301076,1909f56bfc062723c751e8b465ee728b)
Start importing Assets/Sprites & Tiles/Tiles/SPA_Rock_Grass_Water_26.asset using Guid(caf8817f976e6b047bd07163d94ccfea) Importer(815301076,1909f56bfc062723c751e8b465ee728b)  -> (artifact id: 'b30402fe3bc44ff65ec13c43444856a8') in 0.031531 seconds 
  Import took 0.047360 seconds .

========================================================================
Received Import Request.
  Time since last request: 0.000304 seconds.
  path: Assets/Sprites & Tiles/Tiles/SPA_Rock_Grass_Water_20.asset
  artifactKey: Guid(a7cdd6ce6e2753f4d97c40f76ba3162c) Importer(815301076,1909f56bfc062723c751e8b465ee728b)
Start importing Assets/Sprites & Tiles/Tiles/SPA_Rock_Grass_Water_20.asset using Guid(a7cdd6ce6e2753f4d97c40f76ba3162c) Importer(815301076,1909f56bfc062723c751e8b465ee728b)  -> (artifact id: '23b4f6d27040e1f4f8efe5126fd0b990') in 0.057816 seconds 
  Import took 0.073100 seconds .

========================================================================
Received Import Request.
  Time since last request: 7.328366 seconds.
  path: Assets/Sprites & Tiles
  artifactKey: Guid(7dad251398728c648996520692fe9fc7) Importer(815301076,1909f56bfc062723c751e8b465ee728b)
Start importing Assets/Sprites & Tiles using Guid(7dad251398728c648996520692fe9fc7) Importer(815301076,1909f56bfc062723c751e8b465ee728b)  -> (artifact id: '16fbc5ed66e4e9d68bff54ffa3e7b3c0') in 0.022215 seconds 
  Import took 0.033410 seconds .

========================================================================
Received Import Request.
  Time since last request: 1247.588948 seconds.
  path: Assets/Animations/State Driven Camera Blends.asset
  artifactKey: Guid(de5ca8e4186e93d4a9899f82df6e8614) Importer(815301076,1909f56bfc062723c751e8b465ee728b)
Start importing Assets/Animations/State Driven Camera Blends.asset using Guid(de5ca8e4186e93d4a9899f82df6e8614) Importer(815301076,1909f56bfc062723c751e8b465ee728b)  -> (artifact id: '7f8f07da3f794f0139c3f1ee05dd9e03') in 0.009202 seconds 
  Import took 0.013425 seconds .

========================================================================
Received Import Request.
  Time since last request: 3.390929 seconds.
  path: Assets/Animations/Running.anim
  artifactKey: Guid(f91f5a458bd6c824ca4ccce22de525aa) Importer(815301076,1909f56bfc062723c751e8b465ee728b)
Start importing Assets/Animations/Running.anim using Guid(f91f5a458bd6c824ca4ccce22de525aa) Importer(815301076,1909f56bfc062723c751e8b465ee728b)  -> (artifact id: '39e83cf08b78ec02318ec484c744bf45') in 0.008584 seconds 
  Import took 0.011808 seconds .

========================================================================
Received Import Request.
  Time since last request: 0.015845 seconds.
  path: Assets/Animations/Running.anim
  artifactKey: Guid(f91f5a458bd6c824ca4ccce22de525aa) Importer(815301076,1909f56bfc062723c751e8b465ee728b)
Start importing Assets/Animations/Running.anim using Guid(f91f5a458bd6c824ca4ccce22de525aa) Importer(815301076,1909f56bfc062723c751e8b465ee728b)  -> (artifact id: '39e83cf08b78ec02318ec484c744bf45') in 0.002921 seconds 
  Import took 0.006257 seconds .

========================================================================
Received Import Request.
  Time since last request: 4.813262 seconds.
  path: Assets/Animations/Enemy Bounce.anim
  artifactKey: Guid(1e76f82b433884e459845dba22fb624b) Importer(815301076,1909f56bfc062723c751e8b465ee728b)
Start importing Assets/Animations/Enemy Bounce.anim using Guid(1e76f82b433884e459845dba22fb624b) Importer(815301076,1909f56bfc062723c751e8b465ee728b)  -> (artifact id: '41ee4ee31e7b787636b2f157a0e6b45d') in 0.006902 seconds 
  Import took 0.010176 seconds .

========================================================================
Received Import Request.
  Time since last request: 7.751346 seconds.
  path: Assets/Animations/Enemy.controller
  artifactKey: Guid(e630de0ee1bddec42a3457b1f01dd6d6) Importer(815301076,1909f56bfc062723c751e8b465ee728b)
Start importing Assets/Animations/Enemy.controller using Guid(e630de0ee1bddec42a3457b1f01dd6d6) Importer(815301076,1909f56bfc062723c751e8b465ee728b)  -> (artifact id: '397f1e4630ae3bc41f5be15bdc82569b') in 0.010117 seconds 
  Import took 0.013768 seconds .

========================================================================
Received Import Request.
  Time since last request: 0.501813 seconds.
  path: Assets/Animations/Idling.anim
  artifactKey: Guid(2c05c36718a95b343af678e36cc0d7e0) Importer(815301076,1909f56bfc062723c751e8b465ee728b)
Start importing Assets/Animations/Idling.anim using Guid(2c05c36718a95b343af678e36cc0d7e0) Importer(815301076,1909f56bfc062723c751e8b465ee728b)  -> (artifact id: 'b134bffef8149e38602b94616b43beeb') in 0.006711 seconds 
  Import took 0.010239 seconds .

========================================================================
Received Import Request.
  Time since last request: 0.714049 seconds.
  path: Assets/Animations/Player.controller
  artifactKey: Guid(40edfa54f1ebd3e498ae53a7817811c7) Importer(815301076,1909f56bfc062723c751e8b465ee728b)
Start importing Assets/Animations/Player.controller using Guid(40edfa54f1ebd3e498ae53a7817811c7) Importer(815301076,1909f56bfc062723c751e8b465ee728b)  -> (artifact id: '3036a266ee7a65758a628f45f5004294') in 0.007513 seconds 
  Import took 0.010859 seconds .

========================================================================
Received Import Request.
  Time since last request: 50.706241 seconds.
  path: Assets/Scripts/Player.cs
  artifactKey: Guid(4881eed0354592c40909201ab26cf765) Importer(815301076,1909f56bfc062723c751e8b465ee728b)
Start importing Assets/Scripts/Player.cs using Guid(4881eed0354592c40909201ab26cf765) Importer(815301076,1909f56bfc062723c751e8b465ee728b)  -> (artifact id: '72608da3fd2554774adc9e2bd7cc1d99') in 0.004292 seconds 
  Import took 0.008406 seconds .

========================================================================
Received Import Request.
  Time since last request: 116.407103 seconds.
  path: Assets/Prefabs/Cameras.prefab
  artifactKey: Guid(c3af4f89d9d63d448a6424701708ceae) Importer(815301076,1909f56bfc062723c751e8b465ee728b)
Start importing Assets/Prefabs/Cameras.prefab using Guid(c3af4f89d9d63d448a6424701708ceae) Importer(815301076,1909f56bfc062723c751e8b465ee728b)  -> (artifact id: '68950e519df5e20288e6b9de3fcef194') in 0.021407 seconds 
  Import took 0.025322 seconds .

========================================================================
Received Import Request.
  Time since last request: 0.000265 seconds.
  path: Assets/Prefabs/Player.prefab
  artifactKey: Guid(177b30e223881834388ef005cd4a245b) Importer(815301076,1909f56bfc062723c751e8b465ee728b)
Start importing Assets/Prefabs/Player.prefab using Guid(177b30e223881834388ef005cd4a245b) Importer(815301076,1909f56bfc062723c751e8b465ee728b)  -> (artifact id: 'a29e4d87eabb90f3139429d002f56e44') in 0.017135 seconds 
  Import took 0.021394 seconds .

========================================================================
Received Import Request.
  Time since last request: 128.511185 seconds.
  path: Assets/Sprites & Tiles/Tiles
  artifactKey: Guid(2f82c134ce5dadd4c9178e9bde9ae255) Importer(815301076,1909f56bfc062723c751e8b465ee728b)
Start importing Assets/Sprites & Tiles/Tiles using Guid(2f82c134ce5dadd4c9178e9bde9ae255) Importer(815301076,1909f56bfc062723c751e8b465ee728b)  -> (artifact id: 'c17646b7aebafef0ec69516039c5010d') in 0.006372 seconds 
  Import took 0.010402 seconds .

AssetImportWorkerClient::OnTransportError - code=2 error=End of file
